<?xml version="1.0" encoding="UTF-8"?>
<!-- Generated by org.testng.reporters.JUnitXMLReporter -->
<testsuite ignored="0" hostname="WIN-251I7G81T1F" failures="1" tests="4" name="Test" time="43.866" errors="0" timestamp="2024-09-05T15:11:09 BST">
  <testcase classname="tests.DPLoginTest" name="login" time="4.967"/>
  <testcase classname="tests.DPLoginTest" name="login" time="11.97"/>
  <testcase classname="tests.RegistrationTest" name="registerTest" time="2.91">
    <failure type="java.lang.AssertionError" message="expected [true] but found [false]">
      <![CDATA[java.lang.AssertionError: expected [true] but found [false]
at tests.RegistrationTest.registerTest(RegistrationTest.java:55)
at java.base/java.util.ArrayList.forEach(ArrayList.java:1597)
... Removed 29 stack frames]]>
    </failure>
  </testcase> <!-- registerTest -->
  <testcase classname="tests.LoginTest" name="landingTest" time="2.213"/>
</testsuite> <!-- Test -->
