<?xml version="1.0" encoding="UTF-8"?>
<!-- Generated by org.testng.reporters.JUnitXMLReporter -->
<testsuite ignored="0" hostname="WIN-251I7G81T1F" failures="1" tests="1" name="TestReg" time="6.396" errors="0" timestamp="2024-09-01T12:34:48 BST">
  <testcase classname="tests.RegistrationTest" name="registerTest" time="2.491">
    <failure type="java.lang.AssertionError" message="expected [true] but found [false]">
      <![CDATA[java.lang.AssertionError: expected [true] but found [false]
at tests.RegistrationTest.registerTest(RegistrationTest.java:55)
at java.base/java.util.ArrayList.forEach(ArrayList.java:1597)
... Removed 33 stack frames]]>
    </failure>
  </testcase> <!-- registerTest -->
</testsuite> <!-- TestReg -->
